20230721	10:12:15	b9bc6ee1-2b46-44b4-8905-784022990458	GET	/	undefined
20230721	10:12:15	9248f8e9-d22c-4793-aac9-41cc29cde54e	GET	/css/style.css	undefined
20230721	10:23:18	47ebcfae-0b29-46bf-82f5-048423941854	OPTIONS	/	https://www.google.com
20230721	10:23:18	254d3fcd-d44c-478c-9775-0ef3f3c55e1b	GET	/	https://www.google.com
20230721	10:27:40	90d72fb7-7d0b-4035-82d3-d315ad14d723	OPTIONS	/	https://www.google.com
20230721	10:27:40	f1a5c411-ebaf-490f-b02f-d3b018112f0a	GET	/	https://www.google.com
20230721	10:34:05	564bb4e3-b31c-4c60-89ae-d5ea0c7ccb12	OPTIONS	/	https://www.google.com
20230721	10:34:05	e5734f3a-4753-4d00-9095-ce509aab822b	GET	/	https://www.google.com
20230721	10:36:42	1078437e-93b7-49ec-a24a-1039625681a3	OPTIONS	/	https://www.google.com
20230721	10:36:42	faa22ec3-f3e2-464d-a15e-372c812940d5	GET	/	https://www.google.com
20230721	10:37:47	4d298c7e-2bff-41a3-b203-200b0a9ab9f4	OPTIONS	/	https://www.google.com
20230721	10:37:47	12f54f09-dbe9-4a2d-a13b-6866cdd0fc48	GET	/	https://www.google.com
20230721	10:38:31	d6beaca1-0017-4b4a-9a0e-e8cd97047738	OPTIONS	/	https://www.google.com
20230721	10:38:31	81d010a6-0ca3-4acb-bcbf-b8e247db0895	GET	/	https://www.google.com
20230721	10:38:46	d33b563d-4bbe-4ee9-8c4d-05fe18d30e64	OPTIONS	/	https://www.google.com
20230721	10:38:46	0454e7b5-e99e-4884-8fd4-62102e1c692f	GET	/	https://www.google.com
20230721	10:41:50	e7227c07-3638-4bef-b43f-17ce67c4d1e5	OPTIONS	/	https://www.google.com
20230721	10:41:50	7538c626-f7a6-4ad8-ba45-e60917a5b986	GET	/	https://www.google.com
20230721	10:42:53	c9d6ca4e-609c-46bb-b8b4-41bdfa392c16	OPTIONS	/	https://www.google.com
20230721	10:42:53	cd27f49f-c67b-4d1b-9fc0-ec0c53189633	GET	/	https://www.google.com
20230721	10:45:46	435df806-3809-4f98-ad2d-54a4ad8444b4	OPTIONS	/	https://www.google.com
20230721	10:45:46	e043bde7-f21b-4eec-86e3-c1cd5709b88c	GET	/	https://www.google.com
20230721	10:46:51	9789cb75-42d2-43ba-b9d2-f8b448e0640a	OPTIONS	/	https://www.google.com
20230721	10:46:51	5aee386d-6897-4e76-ad2c-45ff45741df3	GET	/	https://www.google.com
20230721	10:50:33	90742955-70e3-4f65-b7af-1a16dd02cb79	OPTIONS	/	https://www.google.com
20230721	10:50:33	45e73d00-f9da-4871-be23-5fd32e74bb66	GET	/	https://www.google.com
20230721	10:54:03	58d446be-b820-4c91-b013-f4892bd270b5	OPTIONS	/	https://www.google.com
20230721	10:54:03	b6551ec3-a346-48ef-85fb-fd71ff952adc	GET	/	https://www.google.com
20230722	10:01:36	12247961-1ae4-4d15-8832-9fb3027c9041	GET	/users	undefined
20230722	10:01:47	ce4523ea-7416-4830-adf2-e4ea434458da	GET	/users	undefined
20230722	10:02:11	8eb07550-475e-4156-bb5e-f51caa48157b	GET	/users	undefined
20230722	10:02:51	73da6d0e-50b0-4827-8925-f151a825b910	GET	/users	undefined
20230722	10:23:37	266ca85d-e9cd-4c70-a65f-ffc49cc0baaa	POST	/users	undefined
20230722	10:23:49	747d6d5f-d9a0-4f08-8d9c-b622ea6c0790	GET	/users	undefined
20230722	10:25:18	195b0027-c539-4cb6-8c22-daa1e84a9f8d	POST	/users	undefined
20230722	10:25:31	ae9537e5-31b2-4c67-9ef1-32e851a274dc	POST	/users	undefined
20230722	10:25:41	55c6afe9-62b1-41fe-9298-90a67d6f0b09	POST	/users	undefined
20230722	10:25:46	9f9a6e63-bdd1-4e99-ad5d-90e769816a9b	POST	/users	undefined
20230724	09:11:52	eab325c3-e688-4695-823d-61546b7ab33a	POST	/users	undefined
20230724	09:14:17	678afd37-24aa-4432-8d25-4cad63cf791a	POST	/users	undefined
20230724	09:14:39	e5cdcf21-ace2-4173-bb83-25319e3eb3af	POST	/users	undefined
20230724	09:16:05	ed95b735-addc-48a9-8f79-ad4adad9fd4c	GET	/users	undefined
20230724	09:16:35	ca905492-0730-46ee-9615-257987f175e9	PATCH	/users	undefined
20230724	09:16:48	60712c26-068a-4583-9191-a7cd7dc2ad65	PATCH	/users	undefined
20230724	09:16:48	c6e5c554-53bd-4b4b-ac34-f18be99d3c99	PATCH	/users	undefined
20230724	09:17:10	a38b7649-6b85-4ada-b311-709e89892b88	PATCH	/users	undefined
20230724	09:17:57	02f7d0b7-937b-4627-8919-a78e8f70a61a	PATCH	/users	undefined
20230724	09:18:27	39713246-15fd-44f6-9d30-66ef00d96182	PATCH	/users	undefined
20230724	09:18:27	faf75dda-698e-4ebf-ac3f-a2f774bc2442	PATCH	/users	undefined
20230724	09:19:44	fc635ad6-8673-4e85-a2ce-1e10ce91fc73	GET	/users	undefined
20230724	09:20:38	f9aedded-a2dc-43fa-8d77-626fc56fe490	PATCH	/users	undefined
20230724	09:20:51	c7b67f1a-1e4d-47cf-9ebc-535aa3f14fa5	PATCH	/users	undefined
20230724	09:20:52	f737cba4-7100-4900-8e2c-91e1f29d2051	PATCH	/users	undefined
20230724	09:21:00	bcff2895-bbca-4885-9638-0ba98f00cdb9	PATCH	/users	undefined
20230724	09:21:03	f68af737-1c50-401a-bcb6-6a6ce0a48ff9	PATCH	/users	undefined
20230724	09:22:15	d8757178-63bc-4d00-94e5-c4bb854fb59d	PATCH	/users	undefined
20230724	09:22:22	1875ee18-8540-426e-b42e-75b5db7879b7	PATCH	/users	undefined
20230724	09:24:01	4a8035a7-633d-4818-8e18-bf94da43462b	PATCH	/users	undefined
20230724	09:25:13	3f35356b-16b5-4f0e-921d-82c06bfc8567	PATCH	/users	undefined
20230724	09:25:34	d9af291d-ac6c-4ad4-aaab-a8921e9b1d40	GET	/users	undefined
20230724	09:25:50	3361b30b-ca11-4368-bfa2-a2b31bb3c2a8	PATCH	/users	undefined
20230724	09:26:06	250ef194-9994-45ad-b7ec-5dca18ed6d80	PATCH	/users	undefined
20230724	09:26:28	fb3b0193-8b71-4d68-9cff-4e883756a854	PATCH	/users	undefined
20230724	09:26:36	fbff65a8-5259-442c-885d-398149d34586	GET	/users	undefined
20230724	09:26:50	0caa4909-2f41-426c-9946-d431af919f99	PATCH	/users	undefined
20230724	09:26:55	d40b75f4-b9bf-4551-8592-085236a7cf9a	PATCH	/users	undefined
20230724	09:27:00	e4f12efb-70b0-4b82-90c3-1f86e078ad38	GET	/users	undefined
20230724	09:27:42	40510493-07db-47ee-be27-c510b47ef19e	POST	/users	undefined
20230724	09:27:48	61bf62d2-f79e-4774-9ffe-4d14f5a866c0	GET	/users	undefined
20230724	09:28:12	f5a24f46-a1e2-4812-97aa-d3cf5a523b30	PATCH	/users	undefined
20230724	09:29:56	9efc3b64-613f-484f-9960-b4898181afb3	DELETE	/users	undefined
20230724	09:30:09	4db78319-a84e-48b3-9b4f-8b23a7647a0b	DELETE	/users	undefined
20230724	09:30:20	5a10dc43-4b8f-474f-aa3a-59d2d35f7c45	DELETE	/users	undefined
20230724	09:30:26	29b2c307-d162-4385-8664-1e19530dd7f3	GET	/users	undefined
20230724	09:30:41	b5d33ca0-48f2-426d-b95f-7b1b308fc062	DELETE	/users	undefined
20230724	09:30:45	4a4f0820-ecfc-47c3-a806-670412c2788d	GET	/users	undefined
20230727	09:34:46	3303320c-8a37-4f4a-8e41-9e8948eeba88	GET	/	undefined
20230727	09:34:46	768df4d3-b75f-4592-ba73-dfb16f4250af	GET	/css/style.css	undefined
20230727	09:36:16	e53dcffa-0136-4ae3-a3af-80ea9002d56f	GET	/users	http://localhost:5173
20230727	09:36:49	3af6db9a-a3f8-4dc5-bacf-51ce59c63219	POST	/users	undefined
20230727	09:37:43	8badc9fc-9c3f-4f7c-8f1e-9d78fc8ed49c	POST	/users	undefined
20230727	09:37:52	a04cf5c6-83d8-422d-8544-3fa61cb356a7	GET	/users	http://localhost:5173
20230727	09:37:53	97bb691e-0e26-45c2-bb3b-ec887dac17b8	GET	/users	http://localhost:5173
20230727	09:37:54	ee340b7d-7ef2-4b66-8a3f-d1a717978aa5	GET	/users	http://localhost:5173
20230727	09:37:55	400c650a-cbe7-4512-910e-624007d22a18	GET	/users	http://localhost:5173
20230727	09:38:09	29d9fc52-62a8-414a-9e9a-804a6a89e588	GET	/users	http://localhost:5173
20230727	09:38:51	c5bae0f4-6eb7-43cd-9aaa-2a41b8667613	GET	/users	http://localhost:5173
20230727	09:39:21	3f31012a-f294-4e35-8b66-c3bb66dfdd59	POST	/users	undefined
20230727	09:39:30	dd45e409-d1e8-4edf-b81c-b680b074038c	POST	/users	undefined
20230727	09:39:32	1a845401-0546-4692-9aaf-3382bc7f4bda	GET	/users	http://localhost:5173
20230727	09:40:14	f16be3c0-7c39-40d4-9e68-9c3ec9aa6ea2	PATCH	/users	undefined
20230727	09:40:19	b4d2a04f-dc5c-4c96-a8b5-4dfc5cbc87c6	GET	/users	undefined
20230727	09:44:09	c265a1ba-0b7a-4377-8b28-d67465243e5a	PATCH	/users	undefined
20230727	09:44:16	cf5caedb-d6b9-4d86-9ffa-a287fd0b0f7b	GET	/users	undefined
20230727	09:44:39	e244c467-ac32-4b87-98f7-b070d77e7652	PATCH	/users	undefined
20230727	09:44:43	17a890c8-a042-49f7-bc99-b96d87709081	GET	/users	http://localhost:5173
20230727	10:17:00	298ce62f-fe9c-476b-87dc-b1ec7b26f79a	GET	/notes	http://localhost:5173
20230727	10:19:06	0c5689f3-02c3-4a8d-96c3-eb233d4e8006	GET	/notes	http://localhost:5173
20230727	10:19:49	5339a0ed-4cda-47a8-8f78-f64be32cf1d0	GET	/notes	http://localhost:5173
20230729	10:49:54	55bff53b-2f9d-48e5-8c5b-5e4454b6bf6a	GET	/users	undefined
20230731	09:55:23	40db6b02-678c-4311-8b3b-d376cbdf7980	PATCH	/users	undefined
20230731	09:55:49	021eb5dd-f6d9-4f0d-8952-9d6b7d528f43	PATCH	/users	undefined
20230731	10:06:12	737616c7-5863-4f2d-bbd3-068527b31af9	POST	/users	undefined
20230731	10:06:55	7b21d60b-b66f-4903-897c-3356bf6afeab	POST	/users	undefined
20230731	10:07:49	a86e5ebf-921f-49ec-a9d0-d2806787795f	POST	/users	undefined
20230731	10:08:55	860e118c-ef61-427d-9ca8-1474e2aff9eb	GET	/users	undefined
20230731	10:10:23	208daecf-5f51-45f7-aaaa-e4adf7101bee	POST	/users	undefined
20230731	10:10:29	c946e637-8bf3-4ff1-b118-05648403938a	GET	/users	undefined
20230731	10:39:53	fa1efb37-fff1-4d4a-b1bf-7170c22e32ca	PATCH	/users	undefined
20230731	10:40:10	cd345eb2-db08-4e20-a73b-ddc9c2c27a5d	PATCH	/users	undefined
20230731	10:40:48	ad29ee18-1c65-488f-919f-9d2ce81fd35d	PATCH	/users	undefined
20230731	10:40:54	7c9689f0-2c86-43d8-861d-cbaaebbbe6e4	GET	/users	undefined
20230731	10:41:41	91d56b71-fd7b-47cc-97dc-903e61142924	GET	/users	undefined
20230731	10:41:48	18eb1f5e-6c4b-4e44-b006-5a91846bdc56	PATCH	/users	undefined
20230731	10:41:53	eef4006d-d288-452a-8d7d-7a9de1f7592e	GET	/users	undefined
20230731	10:42:20	e27d87c1-0d8c-445e-b180-bf825d9855e4	GET	/users	undefined
20230731	10:42:23	d32124aa-22fa-4080-8f2d-dc59b0a819a8	PATCH	/users	undefined
20230731	11:02:20	32a563e6-26f3-4b37-b471-2cce7209238c	GET	/courses	undefined
20230731	12:49:00	b1457b89-363c-4d6d-b51e-9bd269d3cbf9	POST	/courses	undefined
20230731	12:50:03	31711d52-24d6-403d-9477-9ec11eaa8ab2	POST	/courses	undefined
20230731	12:50:08	6c2c270e-a5e7-4f75-bd5f-812b77a6f12a	GET	/courses	undefined
20230731	12:57:18	22b2d16a-c846-4071-8461-4039beb6c9f6	PATCH	/courses	undefined
20230731	12:57:28	2e294c64-8d8f-4182-b929-6ba5b96ab34a	GET	/courses	undefined
20230731	12:57:51	5618b16e-c9aa-4611-970f-1ca9dcc69c51	PATCH	/courses	undefined
20230731	12:57:56	58d335af-32de-4de5-8edc-1e4d18db61a0	GET	/courses	undefined
20230731	12:59:15	f073e87d-d0ce-422d-bc81-1244b53697d1	DELETE	/courses	undefined
20230731	12:59:23	924bd44c-73ea-41ff-837d-663f5f289de2	GET	/courses	undefined
20230805	18:07:05	8e911758-629f-4547-bf8e-fe0a27c09483	POST	/users	http://localhost:5173
20230805	18:09:08	c17f9967-86fe-48cf-a7ff-0f27ca5a6a0d	POST	/users	http://localhost:5173
20230805	18:10:31	4f05d2be-a4da-4b12-8e3d-84abee6ec3a5	POST	/users	http://localhost:5173
20230805	18:12:45	47855b6b-349d-4107-bc86-e4d810eebba4	POST	/users	http://localhost:5173
20230805	18:13:41	7c71ca9d-9d2b-42b7-a1ec-ea1a5eeee735	POST	/users	http://localhost:5173
20230805	18:14:06	01112140-a7b1-486f-8ebd-81ec49b9caf0	POST	/users	http://localhost:5173
20230805	18:16:21	0b040785-0c99-4f85-9ddf-66eba84fcaf7	OPTIONS	/users	http://localhost:5173
20230805	18:16:22	8ecbfc8a-e86b-4ba6-852c-687a434bc335	POST	/users	http://localhost:5173
20230805	18:17:01	827d8be7-0ebc-4de4-a899-975bf40c9b69	POST	/users	undefined
20230805	18:17:49	0899e25b-21eb-48e7-8757-95c8fb6125ed	POST	/users	undefined
20230805	18:18:57	4a90480b-294b-4ba3-bf0f-330c051c8ea9	OPTIONS	/users	http://localhost:5173
20230805	18:18:57	fd7e1393-b6be-4e86-b5ed-6955b1e2be7d	POST	/users	http://localhost:5173
20230805	18:20:24	679639db-7513-4ab3-beec-5d41154a9ba8	OPTIONS	/users	http://localhost:5173
20230805	18:20:24	0b7d9130-1e00-4d25-bdf2-2a25553b3349	POST	/users	http://localhost:5173
20230805	18:20:36	21eeadb0-39d4-46f2-9cf1-88033b36d693	OPTIONS	/users	http://localhost:5173
20230805	18:20:36	4320d1c9-36bd-44aa-9ded-97747ada1533	POST	/users	http://localhost:5173
20230805	18:23:02	db6612cd-9c92-4843-92f5-4333c1f35b49	POST	/users	undefined
20230805	18:23:49	66217a49-5eb8-40fb-b0c3-4d5724457eee	OPTIONS	/users	http://localhost:5173
20230805	18:23:49	ecfed77a-5d81-4459-8edd-5de25fc0eb77	POST	/users	http://localhost:5173
20230805	18:24:35	495aa0af-eacf-4eb3-be2d-22a4e74e31be	OPTIONS	/users	http://localhost:5173
20230805	18:24:35	3036d5af-8b56-442e-8d30-f654940dc6fb	POST	/users	http://localhost:5173
20230805	18:28:44	b6037efd-aef2-4d79-8862-513c2b551222	OPTIONS	/users	http://localhost:5173
20230805	18:28:44	5712f21c-377a-4e18-bf2f-1e2f5abbd653	POST	/users	http://localhost:5173
20230805	18:29:54	0e6da526-ec34-4482-81a8-b07c007e14c6	OPTIONS	/users	http://localhost:5173
20230805	18:29:54	9200ef74-314a-4c07-ab81-f8f9a7affdfa	POST	/users	http://localhost:5173
20230805	18:32:11	145d65aa-173d-4264-a8c6-7f3ea47ce1b7	OPTIONS	/users	http://localhost:5173
20230805	18:32:11	80d8710b-6c04-411f-8e4b-9bab28bd4ea0	POST	/users	http://localhost:5173
20230805	18:35:22	2a68c384-1c5c-4da0-a271-982a30b02fba	OPTIONS	/users	http://localhost:5173
20230805	18:35:22	3c26a27f-27e0-4780-ac62-cfc319ad7179	POST	/users	http://localhost:5173
20230805	18:36:31	59fba751-4cca-421c-94a9-ca5a48afbf44	OPTIONS	/users	http://localhost:5173
20230805	18:36:31	58d5cfc0-46e5-4c3e-80db-1e4dbba9bbb9	POST	/users	http://localhost:5173
20230805	18:37:32	9fefc75c-4a4d-45fd-a9f4-714ea6e00835	OPTIONS	/users	http://localhost:5173
20230805	18:37:32	6947d190-48eb-4bc1-91fe-0023cb9e8cae	POST	/users	http://localhost:5173
20230805	18:40:01	d9fd0b34-abba-4257-991f-dfd5fdd9c0af	OPTIONS	/users	http://localhost:5173
20230805	18:40:01	4b28e43b-a55a-4de1-b288-cd82ab0782ea	POST	/users	http://localhost:5173
20230805	18:40:16	eda9bbfa-1747-4d3c-8f04-aeb9efd09c29	OPTIONS	/users	http://localhost:5173
20230805	18:40:16	db003e71-00d3-4f12-8d16-866ef4962921	POST	/users	http://localhost:5173
20230805	18:41:01	2e889d13-7a59-436a-85d7-99c3a62fe0ea	OPTIONS	/users	http://localhost:5173
20230805	18:41:01	12a097ff-29d1-41f2-8e15-2cc0478884be	POST	/users	http://localhost:5173
20230805	18:42:17	7e12ab7e-bb61-47c9-a0d3-14d116e59580	OPTIONS	/users	http://localhost:5173
20230805	18:42:17	e43bf93e-6786-4192-bd53-b19550786555	POST	/users	http://localhost:5173
20230805	18:43:39	bab5bf29-37d0-4b9b-8459-c9a7430087c6	OPTIONS	/users	http://localhost:5173
20230805	18:43:39	9e1479a1-8143-4cf0-92b5-a0e35d9a674a	POST	/users	http://localhost:5173
20230805	18:44:11	9543c536-084e-41d1-abb3-73e395a6b5c8	OPTIONS	/users	http://localhost:5173
20230805	18:44:11	0670ea02-9a38-4b86-90c1-2b1ff379535e	POST	/users	http://localhost:5173
20230805	18:46:28	04b3efd7-a9e7-49bc-8a80-1c17df8e5f35	OPTIONS	/users	http://localhost:5173
20230805	18:46:28	c6efcd44-6ea3-4cab-8b72-435c1679c739	POST	/users	http://localhost:5173
20230805	18:47:40	f685c2d2-bb6b-49e6-9bc0-9618056dca02	OPTIONS	/users	http://localhost:5173
20230805	18:47:40	4d52c8e7-2e7c-4006-9788-5f08b67097c2	POST	/users	http://localhost:5173
20230805	18:49:06	2d1996f9-c777-4ec9-ba54-5ca94cd2c2a7	OPTIONS	/users	http://localhost:5173
20230805	18:49:06	e208a8f0-63fd-4c46-b3ce-9f408bc481e0	POST	/users	http://localhost:5173
20230805	18:49:40	b550311f-0e6e-4a3d-8bb6-2fb813f4314f	OPTIONS	/users	http://localhost:5173
20230805	18:49:40	460d6e01-c115-4dec-823c-f9f2b21e4749	POST	/users	http://localhost:5173
20230805	18:50:06	38c8efb4-c206-43f7-86ab-9e87d4983263	OPTIONS	/users	http://localhost:5173
20230805	18:50:06	738efce3-0081-4dfd-85f6-e43425208a4f	POST	/users	http://localhost:5173
20230805	18:52:56	85a178b4-4a26-4612-b99e-edbe321e73eb	OPTIONS	/users	http://localhost:5173
20230805	18:52:56	21f97989-aa65-4130-b065-e65003a57af5	POST	/users	http://localhost:5173
20230805	18:53:42	6f0ec908-33d1-45be-84d1-42c53f9542cb	OPTIONS	/users	http://localhost:5173
20230805	18:53:42	47dc0d7c-7c76-49ff-85c7-cfbd29bff60f	POST	/users	http://localhost:5173
20230805	18:55:07	3da10011-920c-4d3b-aa25-2c52f616b171	OPTIONS	/users	http://localhost:5173
20230805	18:55:07	935c0bf2-7034-4074-8859-f3e1b7a6b97c	POST	/users	http://localhost:5173
20230805	18:57:16	a329d136-a3cd-4b6c-abbb-2ee5249cd9b9	OPTIONS	/users	http://localhost:5173
20230805	18:57:16	28542e90-7110-417d-90c2-847507852a5a	POST	/users	http://localhost:5173
20230805	18:58:48	e3be4cd3-c214-4db8-91fd-e5a110e23908	OPTIONS	/users	http://localhost:5173
20230805	18:58:48	78efda5a-db8d-4e01-94dc-01fb9cefa5fd	POST	/users	http://localhost:5173
20230805	18:59:05	cc8fd008-fe1e-433c-bc8f-cb9cb8399134	OPTIONS	/users	http://localhost:5173
20230805	18:59:05	402c910e-2097-4143-9745-e6c8937eb529	POST	/users	http://localhost:5173
20230805	18:59:44	e0fcb5cd-04c3-4345-abf0-765980c62f38	OPTIONS	/users	http://localhost:5173
20230805	18:59:44	331910fe-cede-4bd5-9817-5fb836fdbfcc	POST	/users	http://localhost:5173
20230805	19:00:08	87b02556-e335-42ca-ace5-e3d6b40260d7	OPTIONS	/users	http://localhost:5173
20230805	19:00:08	954c826d-a113-4b1b-9bb4-898ade1755bc	POST	/users	http://localhost:5173
20230805	19:00:53	cf3fefdd-797d-4b1e-a57d-a009cff66564	OPTIONS	/users	http://localhost:5173
20230805	19:00:53	36cdbceb-5acf-4af2-b131-6ca4fa306541	POST	/users	http://localhost:5173
20230805	19:01:30	cf4d6219-93dc-4345-aed2-d2d69741b00b	OPTIONS	/users	http://localhost:5173
20230805	19:01:30	0df4ad19-91a0-42ad-ab19-a1e3e6946720	POST	/users	http://localhost:5173
20230805	19:01:38	efc1e2c9-4fd3-4bca-88a8-f768f48e53e4	OPTIONS	/users	http://localhost:5173
20230805	19:01:38	e55a9b27-c474-4340-8609-10fb2898a8cd	POST	/users	http://localhost:5173
20230805	19:01:57	34f91ba3-2f3e-44cc-a7c7-a549bc843375	OPTIONS	/users	http://localhost:5173
20230805	19:01:57	d46036e7-ad88-4b5b-91d7-edd1fdc3b6e3	POST	/users	http://localhost:5173
20230805	19:03:10	0ea99305-c8a5-478e-a12e-5c6ebc2dc747	OPTIONS	/users	http://localhost:5173
20230805	19:03:10	0619ee87-2a5f-4f21-97e5-c7cf6b9e0988	POST	/users	http://localhost:5173
20230805	19:03:37	34d1d7a5-7381-456a-b7e3-c5b4d8f55911	OPTIONS	/users	http://localhost:5173
20230805	19:03:37	b2d05a24-8ecc-4bde-a8cc-4591105c1d5c	POST	/users	http://localhost:5173
20230805	19:05:16	570fba03-b70f-4412-b8ee-f892e22b8d3b	OPTIONS	/users	http://localhost:5173
20230805	19:05:16	6fdd02d9-c2b2-4338-9e3d-55626a7c721c	POST	/users	http://localhost:5173
20230805	19:05:53	09bcc6f5-3a7b-49b1-b03c-add4d4015ca4	OPTIONS	/users	http://localhost:5173
20230805	19:05:53	c4f01dff-3549-48e3-9e23-73d22a100ac3	POST	/users	http://localhost:5173
20230805	19:06:38	b07ef138-70bd-4786-86a9-4aecf8184ea7	OPTIONS	/users	http://localhost:5173
20230805	19:06:38	2155dc58-522f-43c8-878e-f41008348f3f	POST	/users	http://localhost:5173
20230805	19:07:08	366b13df-19d8-418f-86b5-c3fd960728d7	OPTIONS	/users	http://localhost:5173
20230805	19:07:08	78ed7ed4-9029-439d-b371-d5ed90cc682d	POST	/users	http://localhost:5173
20230805	19:07:54	3b20035d-963d-4e06-96a3-2b78688faf2b	OPTIONS	/users	http://localhost:5173
20230805	19:07:54	39a32657-9b2b-4bc9-ba29-1ed09b404f8f	POST	/users	http://localhost:5173
20230805	19:08:32	20c731b6-81bf-4c26-b0c3-b6b32f459b13	OPTIONS	/users	http://localhost:5173
20230805	19:08:32	2cac5e7f-2ae1-4848-9ca6-a407f436cb06	POST	/users	http://localhost:5173
20230805	19:08:49	cf4aac30-0fa4-4fa1-b5d2-e5802327995e	OPTIONS	/users	http://localhost:5173
20230805	19:08:49	7eebe448-9696-423f-afaa-f88d64b559fd	POST	/users	http://localhost:5173
20230805	19:08:50	7d2d48d9-b3d9-4db4-b9a6-9991dcdb2de2	POST	/users	http://localhost:5173
20230805	19:09:06	9d8a31d1-7490-4d81-832a-5f5d88d95bb9	OPTIONS	/users	http://localhost:5173
20230805	19:09:06	12bdaa97-31cf-4c89-ab1c-d37040dc6f6a	POST	/users	http://localhost:5173
20230805	19:09:42	ce03a71c-fa57-4dc0-a3ee-bf3cd766b1eb	OPTIONS	/users	http://localhost:5173
20230805	19:09:42	21a45f70-b8f7-40ac-a93d-d9ab8ceae56f	POST	/users	http://localhost:5173
20230805	19:10:12	bd475241-22db-4d62-b093-bcdd4b494c37	OPTIONS	/users	http://localhost:5173
20230805	19:10:12	a3aaf09d-63d5-43ae-921f-cbc9019e2456	POST	/users	http://localhost:5173
20230805	19:10:42	fd39af3b-5b66-48b2-812a-d90fd1b405f8	OPTIONS	/users	http://localhost:5173
20230805	19:10:42	c36a1ab3-7229-434a-99a7-5ec082251119	POST	/users	http://localhost:5173
20230805	19:11:51	3b3692b7-0fa9-483d-933d-6030ce253909	OPTIONS	/users	http://localhost:5173
20230805	19:11:51	7f77b0fc-5111-4354-b27a-6a24fc7eddbe	POST	/users	http://localhost:5173
20230805	19:13:28	b28f04d6-a409-4c05-aeee-a050664930c9	OPTIONS	/users	http://localhost:5173
20230805	19:13:28	2d3180cc-c05a-4758-a10c-befe64c3d3c2	POST	/users	http://localhost:5173
20230805	19:14:29	a535b90a-1fb6-46d5-8467-898f6fabde7b	OPTIONS	/users	http://localhost:5173
20230805	19:14:29	cf3737d6-c703-4292-9365-03a6e5e68a97	POST	/users	http://localhost:5173
20230805	21:25:18	d73ab329-b764-4b59-90bd-a160b55b4269	OPTIONS	/users	http://localhost:5173
20230805	21:25:18	ca641795-a737-4c5d-aaea-8a8b3475ebaa	POST	/users	http://localhost:5173
20230807	09:37:41	a7c20166-2b02-43a5-a7f4-c858a3accb8a	OPTIONS	/users	http://localhost:5173
20230807	09:37:41	c332ab43-6ad2-4c26-8a4e-eae202f9f09c	POST	/users	http://localhost:5173
20230807	10:16:50	f0605a92-6999-45e3-bb86-4a41daf2394e	OPTIONS	/users	http://localhost:5173
20230807	10:16:50	99adfda0-9ea2-4191-9947-a16b768fdb67	POST	/users	http://localhost:5173
20230807	10:17:28	aee579b3-f969-49ff-9919-fa25d56dfb18	OPTIONS	/users	http://localhost:5173
20230807	10:17:28	7b038e3b-c0d6-4bfb-9469-593c61232abf	POST	/users	http://localhost:5173
20230807	10:22:46	fb565f2e-c4b6-4f6a-be9d-2a97c30addac	OPTIONS	/users	http://localhost:5173
20230807	10:22:46	4f79cd33-36fe-4b78-8384-b2633015ead9	POST	/users	http://localhost:5173
20230807	10:39:53	cb27ca4d-2a9d-49e5-800e-c0298b9e6b35	OPTIONS	/users	http://localhost:5173
20230807	10:39:53	5cd88371-b1fc-4462-8b7b-f0d3034ac65a	POST	/users	http://localhost:5173
